2024-06-07 12:23:29 - INFO - None
2024-06-07 12:25:44 - INFO - Starting training of fold 0
2024-06-07 12:25:44 - INFO - Starting training...
2024-06-07 12:26:11 - INFO - Epoch: 1 | Train Loss: 2.8575 | Train Accuracy: 0.5678 | Val Loss: 2.6397 | Val Accuracy: 0.7727 | 
2024-06-07 12:26:11 - INFO - Starting training...
2024-06-07 12:26:38 - INFO - Epoch: 2 | Train Loss: 2.5896 | Train Accuracy: 0.8166 | Val Loss: 2.5555 | Val Accuracy: 0.8441 | 
2024-06-07 12:26:38 - INFO - Starting training...
2024-06-07 12:27:04 - INFO - Epoch: 3 | Train Loss: 2.5286 | Train Accuracy: 0.8685 | Val Loss: 2.5284 | Val Accuracy: 0.8680 | 
2024-06-07 12:27:04 - INFO - Starting training...
2024-06-07 12:27:30 - INFO - Epoch: 4 | Train Loss: 2.4874 | Train Accuracy: 0.9120 | Val Loss: 2.4823 | Val Accuracy: 0.9133 | 
2024-06-07 12:27:30 - INFO - Starting training...
2024-06-07 12:27:56 - INFO - Epoch: 5 | Train Loss: 2.4549 | Train Accuracy: 0.9406 | Val Loss: 2.4653 | Val Accuracy: 0.9313 | 
2024-06-07 12:27:56 - INFO - Starting training...
2024-06-07 12:28:23 - INFO - Epoch: 6 | Train Loss: 2.4500 | Train Accuracy: 0.9438 | Val Loss: 2.4609 | Val Accuracy: 0.9336 | 
2024-06-07 12:28:23 - INFO - Starting training...
2024-06-07 12:28:49 - INFO - Epoch: 7 | Train Loss: 2.4441 | Train Accuracy: 0.9493 | Val Loss: 2.4646 | Val Accuracy: 0.9289 | 
2024-06-07 12:28:49 - INFO - Fold 0 Best Accuracy: 0.93359
2024-06-07 12:28:49 - INFO - Starting training of fold 1
2024-06-07 12:28:49 - INFO - Starting training...
2024-06-07 12:29:15 - INFO - Epoch: 1 | Train Loss: 2.8307 | Train Accuracy: 0.5975 | Val Loss: 2.6339 | Val Accuracy: 0.7750 | 
2024-06-07 12:29:15 - INFO - Starting training...
2024-06-07 12:29:41 - INFO - Epoch: 2 | Train Loss: 2.5571 | Train Accuracy: 0.8541 | Val Loss: 2.5330 | Val Accuracy: 0.8699 | 
2024-06-07 12:29:41 - INFO - Starting training...
2024-06-07 12:30:07 - INFO - Epoch: 3 | Train Loss: 2.4811 | Train Accuracy: 0.9180 | Val Loss: 2.4867 | Val Accuracy: 0.9090 | 
2024-06-07 12:30:07 - INFO - Starting training...
2024-06-07 12:30:33 - INFO - Epoch: 4 | Train Loss: 2.4682 | Train Accuracy: 0.9273 | Val Loss: 2.4865 | Val Accuracy: 0.9074 | 
2024-06-07 12:30:33 - INFO - Starting training...
2024-06-07 12:31:01 - INFO - Epoch: 5 | Train Loss: 2.4476 | Train Accuracy: 0.9469 | Val Loss: 2.4677 | Val Accuracy: 0.9266 | 
2024-06-07 12:31:01 - INFO - Starting training...
2024-06-07 12:31:27 - INFO - Epoch: 6 | Train Loss: 2.4430 | Train Accuracy: 0.9508 | Val Loss: 2.4629 | Val Accuracy: 0.9305 | 
2024-06-07 12:31:27 - INFO - Starting training...
2024-06-07 12:31:54 - INFO - Epoch: 7 | Train Loss: 2.4451 | Train Accuracy: 0.9479 | Val Loss: 2.4684 | Val Accuracy: 0.9254 | 
2024-06-07 12:31:54 - INFO - Fold 1 Best Accuracy: 0.93047
2024-06-07 12:31:54 - INFO - Starting training of fold 2
2024-06-07 12:31:54 - INFO - Starting training...
2024-06-07 12:32:21 - INFO - Epoch: 1 | Train Loss: 2.8256 | Train Accuracy: 0.6021 | Val Loss: 2.6371 | Val Accuracy: 0.7812 | 
2024-06-07 12:32:21 - INFO - Starting training...
2024-06-07 12:32:48 - INFO - Epoch: 2 | Train Loss: 2.5910 | Train Accuracy: 0.8132 | Val Loss: 2.5740 | Val Accuracy: 0.8258 | 
2024-06-07 12:32:48 - INFO - Starting training...
2024-06-07 12:33:15 - INFO - Epoch: 3 | Train Loss: 2.5340 | Train Accuracy: 0.8639 | Val Loss: 2.5284 | Val Accuracy: 0.8738 | 
2024-06-07 12:33:15 - INFO - Starting training...